2013/10/10 11:22:03 [error] [exception.CHttpException.404] exception 'CHttpException' with message 'The system is unable to find the requested action "capcha".' in /Applications/MAMP/htdocs/yii-1.1.14/framework/web/CController.php:483
Stack trace:
#0 /Applications/MAMP/htdocs/yii-1.1.14/framework/web/CController.php(270): CController->missingAction('capcha')
#1 /Applications/MAMP/htdocs/yii-1.1.14/framework/web/CWebApplication.php(282): CController->run('capcha')
#2 /Applications/MAMP/htdocs/yii-1.1.14/framework/web/CWebApplication.php(141): CWebApplication->runController('site/capcha')
#3 /Applications/MAMP/htdocs/yii-1.1.14/framework/base/CApplication.php(180): CWebApplication->processRequest()
#4 /Applications/MAMP/htdocs/yii-1.1.14/api/index.php(13): CApplication->run()
#5 {main}
REQUEST_URI=/yii-1.1.14/api/index.php?r=site/capcha&view=about
---
2013/10/10 11:22:50 [error] [exception.CHttpException.404] exception 'CHttpException' with message 'The system is unable to find the requested action "capcha".' in /Applications/MAMP/htdocs/yii-1.1.14/framework/web/CController.php:483
Stack trace:
#0 /Applications/MAMP/htdocs/yii-1.1.14/framework/web/CController.php(270): CController->missingAction('capcha')
#1 /Applications/MAMP/htdocs/yii-1.1.14/framework/web/CWebApplication.php(282): CController->run('capcha')
#2 /Applications/MAMP/htdocs/yii-1.1.14/framework/web/CWebApplication.php(141): CWebApplication->runController('site/capcha')
#3 /Applications/MAMP/htdocs/yii-1.1.14/framework/base/CApplication.php(180): CWebApplication->processRequest()
#4 /Applications/MAMP/htdocs/yii-1.1.14/api/index.php(13): CApplication->run()
#5 {main}
REQUEST_URI=/yii-1.1.14/api/index.php?r=site/capcha&view=about
---
2013/10/10 11:22:55 [error] [exception.CHttpException.404] exception 'CHttpException' with message 'The requested view "index" was not found.' in /Applications/MAMP/htdocs/yii-1.1.14/framework/web/actions/CViewAction.php:112
Stack trace:
#0 /Applications/MAMP/htdocs/yii-1.1.14/framework/web/actions/CViewAction.php(123): CViewAction->resolveView('index')
#1 /Applications/MAMP/htdocs/yii-1.1.14/framework/web/actions/CAction.php(76): CViewAction->run()
#2 /Applications/MAMP/htdocs/yii-1.1.14/framework/web/CController.php(308): CAction->runWithParams(Array)
#3 /Applications/MAMP/htdocs/yii-1.1.14/framework/web/CController.php(286): CController->runAction(Object(CViewAction))
#4 /Applications/MAMP/htdocs/yii-1.1.14/framework/web/CController.php(265): CController->runActionWithFilters(Object(CViewAction), Array)
#5 /Applications/MAMP/htdocs/yii-1.1.14/framework/web/CWebApplication.php(282): CController->run('page')
#6 /Applications/MAMP/htdocs/yii-1.1.14/framework/web/CWebApplication.php(141): CWebApplication->runController('site/page')
#7 /Applications/MAMP/htdocs/yii-1.1.14/framework/base/CApplication.php(180): CWebApplication->processRequest()
#8 /Applications/MAMP/htdocs/yii-1.1.14/api/index.php(13): CApplication->run()
#9 {main}
REQUEST_URI=/yii-1.1.14/api/index.php?r=site/page&view=
---
2013/10/11 04:19:22 [error] [php] include(ApiController.php): failed to open stream: No such file or directory (/Applications/MAMP/htdocs/yii-1.1.14/framework/YiiBase.php:427)
Stack trace:
#0 /Applications/MAMP/htdocs/yii-1.1.14/api/protected/controllers/UserController.php(4): spl_autoload_call()
#1 /Applications/MAMP/htdocs/yii-1.1.14/framework/web/CWebApplication.php(354): require()
#2 /Applications/MAMP/htdocs/yii-1.1.14/framework/web/CWebApplication.php(276): CWebApplication->createController()
#3 /Applications/MAMP/htdocs/yii-1.1.14/framework/web/CWebApplication.php(141): CWebApplication->runController()
#4 /Applications/MAMP/htdocs/yii-1.1.14/framework/base/CApplication.php(180): CWebApplication->processRequest()
#5 /Applications/MAMP/htdocs/yii-1.1.14/api/index.php(13): CWebApplication->run()
REQUEST_URI=/yii-1.1.14/api/index.php?r=user/index
in /Applications/MAMP/htdocs/yii-1.1.14/api/protected/controllers/UserController.php (4)
in /Applications/MAMP/htdocs/yii-1.1.14/api/index.php (13)
2013/10/11 04:20:15 [error] [php] include(ApiController.php): failed to open stream: No such file or directory (/Applications/MAMP/htdocs/yii-1.1.14/framework/YiiBase.php:427)
Stack trace:
#0 /Applications/MAMP/htdocs/yii-1.1.14/api/protected/controllers/UserController.php(4): spl_autoload_call()
#1 /Applications/MAMP/htdocs/yii-1.1.14/framework/web/CWebApplication.php(354): require()
#2 /Applications/MAMP/htdocs/yii-1.1.14/framework/web/CWebApplication.php(276): CWebApplication->createController()
#3 /Applications/MAMP/htdocs/yii-1.1.14/framework/web/CWebApplication.php(141): CWebApplication->runController()
#4 /Applications/MAMP/htdocs/yii-1.1.14/framework/base/CApplication.php(180): CWebApplication->processRequest()
#5 /Applications/MAMP/htdocs/yii-1.1.14/api/index.php(13): CWebApplication->run()
REQUEST_URI=/yii-1.1.14/api/index.php?r=user/index
in /Applications/MAMP/htdocs/yii-1.1.14/api/protected/controllers/UserController.php (4)
in /Applications/MAMP/htdocs/yii-1.1.14/api/index.php (13)
2013/10/11 04:32:41 [error] [php] include(Model.php): failed to open stream: No such file or directory (/Applications/MAMP/htdocs/yii-1.1.14/framework/YiiBase.php:427)
Stack trace:
#0 /Applications/MAMP/htdocs/yii-1.1.14/api/protected/models/User.php(9): spl_autoload_call()
#1 /Applications/MAMP/htdocs/yii-1.1.14/framework/YiiBase.php(427): include()
#2 unknown(0): autoload()
#3 /Applications/MAMP/htdocs/yii-1.1.14/api/protected/controllers/UserController.php(8): spl_autoload_call()
#4 /Applications/MAMP/htdocs/yii-1.1.14/framework/web/actions/CInlineAction.php(49): UserController->actionIndex()
#5 /Applications/MAMP/htdocs/yii-1.1.14/framework/web/CController.php(308): CInlineAction->runWithParams()
#6 /Applications/MAMP/htdocs/yii-1.1.14/framework/web/CController.php(286): UserController->runAction()
#7 /Applications/MAMP/htdocs/yii-1.1.14/framework/web/CController.php(265): UserController->runActionWithFilters()
#8 /Applications/MAMP/htdocs/yii-1.1.14/framework/web/CWebApplication.php(282): UserController->run()
#9 /Applications/MAMP/htdocs/yii-1.1.14/framework/web/CWebApplication.php(141): CWebApplication->runController()
#10 /Applications/MAMP/htdocs/yii-1.1.14/framework/base/CApplication.php(180): CWebApplication->processRequest()
#11 /Applications/MAMP/htdocs/yii-1.1.14/api/index.php(13): CWebApplication->run()
REQUEST_URI=/yii-1.1.14/api/index.php?r=user/index
in /Applications/MAMP/htdocs/yii-1.1.14/api/protected/models/User.php (9)
in /Applications/MAMP/htdocs/yii-1.1.14/api/protected/controllers/UserController.php (8)
in /Applications/MAMP/htdocs/yii-1.1.14/api/index.php (13)
2013/10/11 05:16:31 [error] [system.db.CDbCommand] CDbCommand::fetchAll() failed: SQLSTATE[42S02]: Base table or view not found: 1146 Table 'api_demo.User' doesn't exist. The SQL statement executed was: SHOW FULL COLUMNS FROM `User`.
in /Applications/MAMP/htdocs/yii-1.1.14/api/protected/controllers/UserController.php (8)
in /Applications/MAMP/htdocs/yii-1.1.14/api/index.php (13)
2013/10/11 05:16:31 [error] [exception.CDbException] exception 'CDbException' with message 'The table "User" for active record class "User" cannot be found in the database.' in /Applications/MAMP/htdocs/yii-1.1.14/framework/db/ar/CActiveRecord.php:2362
Stack trace:
#0 /Applications/MAMP/htdocs/yii-1.1.14/framework/db/ar/CActiveRecord.php(411): CActiveRecordMetaData->__construct(Object(User))
#1 /Applications/MAMP/htdocs/yii-1.1.14/framework/db/ar/CActiveRecord.php(79): CActiveRecord->getMetaData()
#2 /Applications/MAMP/htdocs/yii-1.1.14/api/protected/controllers/UserController.php(8): CActiveRecord->__construct()
#3 /Applications/MAMP/htdocs/yii-1.1.14/framework/web/actions/CInlineAction.php(49): UserController->actionIndex()
#4 /Applications/MAMP/htdocs/yii-1.1.14/framework/web/CController.php(308): CInlineAction->runWithParams(Array)
#5 /Applications/MAMP/htdocs/yii-1.1.14/framework/web/CController.php(286): CController->runAction(Object(CInlineAction))
#6 /Applications/MAMP/htdocs/yii-1.1.14/framework/web/CController.php(265): CController->runActionWithFilters(Object(CInlineAction), Array)
#7 /Applications/MAMP/htdocs/yii-1.1.14/framework/web/CWebApplication.php(282): CController->run('index')
#8 /Applications/MAMP/htdocs/yii-1.1.14/framework/web/CWebApplication.php(141): CWebApplication->runController('user/index')
#9 /Applications/MAMP/htdocs/yii-1.1.14/framework/base/CApplication.php(180): CWebApplication->processRequest()
#10 /Applications/MAMP/htdocs/yii-1.1.14/api/index.php(13): CApplication->run()
#11 {main}
REQUEST_URI=/yii-1.1.14/api/index.php?r=user/index
---
2013/10/11 05:17:15 [error] [system.db.CDbCommand] CDbCommand::fetchAll() failed: SQLSTATE[42S02]: Base table or view not found: 1146 Table 'api_demo.User' doesn't exist. The SQL statement executed was: SHOW FULL COLUMNS FROM `User`.
in /Applications/MAMP/htdocs/yii-1.1.14/api/protected/controllers/UserController.php (8)
in /Applications/MAMP/htdocs/yii-1.1.14/api/index.php (13)
2013/10/11 05:17:15 [error] [exception.CDbException] exception 'CDbException' with message 'The table "User" for active record class "User" cannot be found in the database.' in /Applications/MAMP/htdocs/yii-1.1.14/framework/db/ar/CActiveRecord.php:2362
Stack trace:
#0 /Applications/MAMP/htdocs/yii-1.1.14/framework/db/ar/CActiveRecord.php(411): CActiveRecordMetaData->__construct(Object(User))
#1 /Applications/MAMP/htdocs/yii-1.1.14/framework/db/ar/CActiveRecord.php(79): CActiveRecord->getMetaData()
#2 /Applications/MAMP/htdocs/yii-1.1.14/api/protected/controllers/UserController.php(8): CActiveRecord->__construct()
#3 /Applications/MAMP/htdocs/yii-1.1.14/framework/web/actions/CInlineAction.php(49): UserController->actionIndex()
#4 /Applications/MAMP/htdocs/yii-1.1.14/framework/web/CController.php(308): CInlineAction->runWithParams(Array)
#5 /Applications/MAMP/htdocs/yii-1.1.14/framework/web/CController.php(286): CController->runAction(Object(CInlineAction))
#6 /Applications/MAMP/htdocs/yii-1.1.14/framework/web/CController.php(265): CController->runActionWithFilters(Object(CInlineAction), Array)
#7 /Applications/MAMP/htdocs/yii-1.1.14/framework/web/CWebApplication.php(282): CController->run('index')
#8 /Applications/MAMP/htdocs/yii-1.1.14/framework/web/CWebApplication.php(141): CWebApplication->runController('user/index')
#9 /Applications/MAMP/htdocs/yii-1.1.14/framework/base/CApplication.php(180): CWebApplication->processRequest()
#10 /Applications/MAMP/htdocs/yii-1.1.14/api/index.php(13): CApplication->run()
#11 {main}
REQUEST_URI=/yii-1.1.14/api/index.php?r=user/index
---
2013/10/11 05:17:50 [error] [php] Undefined variable: thi (/Applications/MAMP/htdocs/yii-1.1.14/api/protected/models/User.php:26)
Stack trace:
#0 /Applications/MAMP/htdocs/yii-1.1.14/framework/web/CController.php(308): CInlineAction->runWithParams()
#1 /Applications/MAMP/htdocs/yii-1.1.14/framework/web/CController.php(286): UserController->runAction()
#2 /Applications/MAMP/htdocs/yii-1.1.14/framework/web/CController.php(265): UserController->runActionWithFilters()
#3 /Applications/MAMP/htdocs/yii-1.1.14/framework/web/CWebApplication.php(282): UserController->run()
#4 /Applications/MAMP/htdocs/yii-1.1.14/framework/web/CWebApplication.php(141): CWebApplication->runController()
#5 /Applications/MAMP/htdocs/yii-1.1.14/framework/base/CApplication.php(180): CWebApplication->processRequest()
#6 /Applications/MAMP/htdocs/yii-1.1.14/api/index.php(13): CWebApplication->run()
REQUEST_URI=/yii-1.1.14/api/index.php?r=user/index
in /Applications/MAMP/htdocs/yii-1.1.14/api/protected/models/User.php (26)
in /Applications/MAMP/htdocs/yii-1.1.14/api/protected/controllers/UserController.php (10)
in /Applications/MAMP/htdocs/yii-1.1.14/api/index.php (13)
2013/10/11 05:18:16 [error] [php] Undefined variable: connection (/Applications/MAMP/htdocs/yii-1.1.14/api/protected/models/User.php:36)
Stack trace:
#0 /Applications/MAMP/htdocs/yii-1.1.14/framework/web/actions/CInlineAction.php(49): UserController->actionIndex()
#1 /Applications/MAMP/htdocs/yii-1.1.14/framework/web/CController.php(308): CInlineAction->runWithParams()
#2 /Applications/MAMP/htdocs/yii-1.1.14/framework/web/CController.php(286): UserController->runAction()
#3 /Applications/MAMP/htdocs/yii-1.1.14/framework/web/CController.php(265): UserController->runActionWithFilters()
#4 /Applications/MAMP/htdocs/yii-1.1.14/framework/web/CWebApplication.php(282): UserController->run()
#5 /Applications/MAMP/htdocs/yii-1.1.14/framework/web/CWebApplication.php(141): CWebApplication->runController()
#6 /Applications/MAMP/htdocs/yii-1.1.14/framework/base/CApplication.php(180): CWebApplication->processRequest()
#7 /Applications/MAMP/htdocs/yii-1.1.14/api/index.php(13): CWebApplication->run()
REQUEST_URI=/yii-1.1.14/api/index.php?r=user/index
in /Applications/MAMP/htdocs/yii-1.1.14/api/protected/models/User.php (36)
in /Applications/MAMP/htdocs/yii-1.1.14/api/protected/models/User.php (26)
in /Applications/MAMP/htdocs/yii-1.1.14/api/protected/controllers/UserController.php (10)
2013/10/11 05:19:54 [error] [php] Undefined variable: connection (/Applications/MAMP/htdocs/yii-1.1.14/api/protected/models/User.php:36)
Stack trace:
#0 /Applications/MAMP/htdocs/yii-1.1.14/framework/web/actions/CInlineAction.php(49): UserController->actionIndex()
#1 /Applications/MAMP/htdocs/yii-1.1.14/framework/web/CController.php(308): CInlineAction->runWithParams()
#2 /Applications/MAMP/htdocs/yii-1.1.14/framework/web/CController.php(286): UserController->runAction()
#3 /Applications/MAMP/htdocs/yii-1.1.14/framework/web/CController.php(265): UserController->runActionWithFilters()
#4 /Applications/MAMP/htdocs/yii-1.1.14/framework/web/CWebApplication.php(282): UserController->run()
#5 /Applications/MAMP/htdocs/yii-1.1.14/framework/web/CWebApplication.php(141): CWebApplication->runController()
#6 /Applications/MAMP/htdocs/yii-1.1.14/framework/base/CApplication.php(180): CWebApplication->processRequest()
#7 /Applications/MAMP/htdocs/yii-1.1.14/api/index.php(13): CWebApplication->run()
REQUEST_URI=/yii-1.1.14/api/index.php?r=user/index
in /Applications/MAMP/htdocs/yii-1.1.14/api/protected/models/User.php (36)
in /Applications/MAMP/htdocs/yii-1.1.14/api/protected/models/User.php (26)
in /Applications/MAMP/htdocs/yii-1.1.14/api/protected/controllers/UserController.php (10)
2013/10/11 05:21:04 [error] [php] Undefined variable: connection (/Applications/MAMP/htdocs/yii-1.1.14/api/protected/models/User.php:36)
Stack trace:
#0 /Applications/MAMP/htdocs/yii-1.1.14/framework/web/actions/CInlineAction.php(49): UserController->actionIndex()
#1 /Applications/MAMP/htdocs/yii-1.1.14/framework/web/CController.php(308): CInlineAction->runWithParams()
#2 /Applications/MAMP/htdocs/yii-1.1.14/framework/web/CController.php(286): UserController->runAction()
#3 /Applications/MAMP/htdocs/yii-1.1.14/framework/web/CController.php(265): UserController->runActionWithFilters()
#4 /Applications/MAMP/htdocs/yii-1.1.14/framework/web/CWebApplication.php(282): UserController->run()
#5 /Applications/MAMP/htdocs/yii-1.1.14/framework/web/CWebApplication.php(141): CWebApplication->runController()
#6 /Applications/MAMP/htdocs/yii-1.1.14/framework/base/CApplication.php(180): CWebApplication->processRequest()
#7 /Applications/MAMP/htdocs/yii-1.1.14/api/index.php(13): CWebApplication->run()
REQUEST_URI=/yii-1.1.14/api/index.php?r=user/index
in /Applications/MAMP/htdocs/yii-1.1.14/api/protected/models/User.php (36)
in /Applications/MAMP/htdocs/yii-1.1.14/api/protected/models/User.php (26)
in /Applications/MAMP/htdocs/yii-1.1.14/api/protected/controllers/UserController.php (10)
2013/10/11 05:21:06 [error] [php] Undefined variable: connection (/Applications/MAMP/htdocs/yii-1.1.14/api/protected/models/User.php:36)
Stack trace:
#0 /Applications/MAMP/htdocs/yii-1.1.14/framework/web/actions/CInlineAction.php(49): UserController->actionIndex()
#1 /Applications/MAMP/htdocs/yii-1.1.14/framework/web/CController.php(308): CInlineAction->runWithParams()
#2 /Applications/MAMP/htdocs/yii-1.1.14/framework/web/CController.php(286): UserController->runAction()
#3 /Applications/MAMP/htdocs/yii-1.1.14/framework/web/CController.php(265): UserController->runActionWithFilters()
#4 /Applications/MAMP/htdocs/yii-1.1.14/framework/web/CWebApplication.php(282): UserController->run()
#5 /Applications/MAMP/htdocs/yii-1.1.14/framework/web/CWebApplication.php(141): CWebApplication->runController()
#6 /Applications/MAMP/htdocs/yii-1.1.14/framework/base/CApplication.php(180): CWebApplication->processRequest()
#7 /Applications/MAMP/htdocs/yii-1.1.14/api/index.php(13): CWebApplication->run()
REQUEST_URI=/yii-1.1.14/api/index.php?r=user/index
in /Applications/MAMP/htdocs/yii-1.1.14/api/protected/models/User.php (36)
in /Applications/MAMP/htdocs/yii-1.1.14/api/protected/models/User.php (26)
in /Applications/MAMP/htdocs/yii-1.1.14/api/protected/controllers/UserController.php (10)
2013/10/11 05:30:48 [error] [php] include(ApiController.php): failed to open stream: No such file or directory (/Applications/MAMP/htdocs/yii-1.1.14/framework/YiiBase.php:427)
Stack trace:
#0 /Applications/MAMP/htdocs/yii-1.1.14/api/protected/controllers/UserController.php(4): spl_autoload_call()
#1 /Applications/MAMP/htdocs/yii-1.1.14/framework/web/CWebApplication.php(354): require()
#2 /Applications/MAMP/htdocs/yii-1.1.14/framework/web/CWebApplication.php(276): CWebApplication->createController()
#3 /Applications/MAMP/htdocs/yii-1.1.14/framework/web/CWebApplication.php(141): CWebApplication->runController()
#4 /Applications/MAMP/htdocs/yii-1.1.14/framework/base/CApplication.php(180): CWebApplication->processRequest()
#5 /Applications/MAMP/htdocs/yii-1.1.14/api/index.php(13): CWebApplication->run()
REQUEST_URI=/yii-1.1.14/api/index.php?r=user/index
in /Applications/MAMP/htdocs/yii-1.1.14/api/protected/controllers/UserController.php (4)
in /Applications/MAMP/htdocs/yii-1.1.14/api/index.php (13)
2013/10/11 05:31:24 [error] [system.db.CDbCommand] CDbCommand::fetchAll() failed: SQLSTATE[42S02]: Base table or view not found: 1146 Table 'api_demo.User' doesn't exist. The SQL statement executed was: SHOW FULL COLUMNS FROM `User`.
in /Applications/MAMP/htdocs/yii-1.1.14/api/protected/controllers/UserController.php (9)
in /Applications/MAMP/htdocs/yii-1.1.14/api/index.php (13)
2013/10/11 05:31:24 [error] [exception.CDbException] exception 'CDbException' with message 'The table "User" for active record class "User" cannot be found in the database.' in /Applications/MAMP/htdocs/yii-1.1.14/framework/db/ar/CActiveRecord.php:2362
Stack trace:
#0 /Applications/MAMP/htdocs/yii-1.1.14/framework/db/ar/CActiveRecord.php(411): CActiveRecordMetaData->__construct(Object(User))
#1 /Applications/MAMP/htdocs/yii-1.1.14/framework/db/ar/CActiveRecord.php(79): CActiveRecord->getMetaData()
#2 /Applications/MAMP/htdocs/yii-1.1.14/api/protected/controllers/UserController.php(9): CActiveRecord->__construct()
#3 /Applications/MAMP/htdocs/yii-1.1.14/framework/web/actions/CInlineAction.php(49): UserController->actionIndex()
#4 /Applications/MAMP/htdocs/yii-1.1.14/framework/web/CController.php(308): CInlineAction->runWithParams(Array)
#5 /Applications/MAMP/htdocs/yii-1.1.14/framework/web/CController.php(286): CController->runAction(Object(CInlineAction))
#6 /Applications/MAMP/htdocs/yii-1.1.14/framework/web/CController.php(265): CController->runActionWithFilters(Object(CInlineAction), Array)
#7 /Applications/MAMP/htdocs/yii-1.1.14/framework/web/CWebApplication.php(282): CController->run('index')
#8 /Applications/MAMP/htdocs/yii-1.1.14/framework/web/CWebApplication.php(141): CWebApplication->runController('user/index')
#9 /Applications/MAMP/htdocs/yii-1.1.14/framework/base/CApplication.php(180): CWebApplication->processRequest()
#10 /Applications/MAMP/htdocs/yii-1.1.14/api/index.php(13): CApplication->run()
#11 {main}
REQUEST_URI=/yii-1.1.14/api/index.php?r=user/index
---
2013/10/11 05:31:34 [error] [php] include(ApiController.php): failed to open stream: No such file or directory (/Applications/MAMP/htdocs/yii-1.1.14/framework/YiiBase.php:427)
Stack trace:
#0 /Applications/MAMP/htdocs/yii-1.1.14/api/protected/controllers/UserController.php(5): spl_autoload_call()
#1 /Applications/MAMP/htdocs/yii-1.1.14/framework/web/CWebApplication.php(354): require()
#2 /Applications/MAMP/htdocs/yii-1.1.14/framework/web/CWebApplication.php(276): CWebApplication->createController()
#3 /Applications/MAMP/htdocs/yii-1.1.14/framework/web/CWebApplication.php(141): CWebApplication->runController()
#4 /Applications/MAMP/htdocs/yii-1.1.14/framework/base/CApplication.php(180): CWebApplication->processRequest()
#5 /Applications/MAMP/htdocs/yii-1.1.14/api/index.php(13): CWebApplication->run()
REQUEST_URI=/yii-1.1.14/api/index.php?r=user/index
in /Applications/MAMP/htdocs/yii-1.1.14/api/protected/controllers/UserController.php (5)
in /Applications/MAMP/htdocs/yii-1.1.14/api/index.php (13)
2013/10/11 05:31:41 [error] [system.db.CDbCommand] CDbCommand::fetchAll() failed: SQLSTATE[42S02]: Base table or view not found: 1146 Table 'api_demo.User' doesn't exist. The SQL statement executed was: SHOW FULL COLUMNS FROM `User`.
in /Applications/MAMP/htdocs/yii-1.1.14/api/protected/controllers/UserController.php (9)
in /Applications/MAMP/htdocs/yii-1.1.14/api/index.php (13)
2013/10/11 05:31:41 [error] [exception.CDbException] exception 'CDbException' with message 'The table "User" for active record class "User" cannot be found in the database.' in /Applications/MAMP/htdocs/yii-1.1.14/framework/db/ar/CActiveRecord.php:2362
Stack trace:
#0 /Applications/MAMP/htdocs/yii-1.1.14/framework/db/ar/CActiveRecord.php(411): CActiveRecordMetaData->__construct(Object(User))
#1 /Applications/MAMP/htdocs/yii-1.1.14/framework/db/ar/CActiveRecord.php(79): CActiveRecord->getMetaData()
#2 /Applications/MAMP/htdocs/yii-1.1.14/api/protected/controllers/UserController.php(9): CActiveRecord->__construct()
#3 /Applications/MAMP/htdocs/yii-1.1.14/framework/web/actions/CInlineAction.php(49): UserController->actionIndex()
#4 /Applications/MAMP/htdocs/yii-1.1.14/framework/web/CController.php(308): CInlineAction->runWithParams(Array)
#5 /Applications/MAMP/htdocs/yii-1.1.14/framework/web/CController.php(286): CController->runAction(Object(CInlineAction))
#6 /Applications/MAMP/htdocs/yii-1.1.14/framework/web/CController.php(265): CController->runActionWithFilters(Object(CInlineAction), Array)
#7 /Applications/MAMP/htdocs/yii-1.1.14/framework/web/CWebApplication.php(282): CController->run('index')
#8 /Applications/MAMP/htdocs/yii-1.1.14/framework/web/CWebApplication.php(141): CWebApplication->runController('user/index')
#9 /Applications/MAMP/htdocs/yii-1.1.14/framework/base/CApplication.php(180): CWebApplication->processRequest()
#10 /Applications/MAMP/htdocs/yii-1.1.14/api/index.php(13): CApplication->run()
#11 {main}
REQUEST_URI=/yii-1.1.14/api/index.php?r=user/index
---
2013/10/11 05:33:40 [error] [php] include(ApiController.php): failed to open stream: No such file or directory (/Applications/MAMP/htdocs/yii-1.1.14/framework/YiiBase.php:427)
Stack trace:
#0 /Applications/MAMP/htdocs/yii-1.1.14/api/protected/controllers/UserController.php(5): spl_autoload_call()
#1 /Applications/MAMP/htdocs/yii-1.1.14/framework/web/CWebApplication.php(354): require()
#2 /Applications/MAMP/htdocs/yii-1.1.14/framework/web/CWebApplication.php(276): CWebApplication->createController()
#3 /Applications/MAMP/htdocs/yii-1.1.14/framework/web/CWebApplication.php(141): CWebApplication->runController()
#4 /Applications/MAMP/htdocs/yii-1.1.14/framework/base/CApplication.php(180): CWebApplication->processRequest()
#5 /Applications/MAMP/htdocs/yii-1.1.14/api/index.php(13): CWebApplication->run()
REQUEST_URI=/yii-1.1.14/api/index.php?r=user/index
in /Applications/MAMP/htdocs/yii-1.1.14/api/protected/controllers/UserController.php (5)
in /Applications/MAMP/htdocs/yii-1.1.14/api/index.php (13)
