2013/10/10 11:04:14 [error] [exception.CHttpException.404] exception 'CHttpException' with message 'Unable to resolve the request "test".' in /Applications/MAMP/htdocs/yii-1.1.14.f0fee9/framework/web/CWebApplication.php:286
Stack trace:
#0 /Applications/MAMP/htdocs/yii-1.1.14.f0fee9/framework/web/CWebApplication.php(141): CWebApplication->runController('')
#1 /Applications/MAMP/htdocs/yii-1.1.14.f0fee9/framework/base/CApplication.php(180): CWebApplication->processRequest()
#2 /Applications/MAMP/htdocs/MyAPITest/APIDemo/index.php(13): CApplication->run()
#3 {main}
REQUEST_URI=/MyAPITest/APIDemo/
---
2013/10/10 11:08:34 [error] [exception.CHttpException.404] exception 'CHttpException' with message 'Unable to resolve the request "site".' in /Applications/MAMP/htdocs/yii-1.1.14.f0fee9/framework/web/CWebApplication.php:286
Stack trace:
#0 /Applications/MAMP/htdocs/yii-1.1.14.f0fee9/framework/web/CWebApplication.php(141): CWebApplication->runController('')
#1 /Applications/MAMP/htdocs/yii-1.1.14.f0fee9/framework/base/CApplication.php(180): CWebApplication->processRequest()
#2 /Applications/MAMP/htdocs/MyAPITest/APIDemo/index.php(13): CApplication->run()
#3 {main}
REQUEST_URI=/MyAPITest/APIDemo/
---
2013/10/10 11:09:41 [error] [exception.CHttpException.404] exception 'CHttpException' with message 'Unable to resolve the request "site".' in /Applications/MAMP/htdocs/yii-1.1.14.f0fee9/framework/web/CWebApplication.php:286
Stack trace:
#0 /Applications/MAMP/htdocs/yii-1.1.14.f0fee9/framework/web/CWebApplication.php(141): CWebApplication->runController('')
#1 /Applications/MAMP/htdocs/yii-1.1.14.f0fee9/framework/base/CApplication.php(180): CWebApplication->processRequest()
#2 /Applications/MAMP/htdocs/MyAPITest/APIDemo/index.php(13): CApplication->run()
#3 {main}
REQUEST_URI=/MyAPITest/APIDemo/
---
2013/10/10 11:09:44 [error] [exception.CHttpException.404] exception 'CHttpException' with message 'Unable to resolve the request "site".' in /Applications/MAMP/htdocs/yii-1.1.14.f0fee9/framework/web/CWebApplication.php:286
Stack trace:
#0 /Applications/MAMP/htdocs/yii-1.1.14.f0fee9/framework/web/CWebApplication.php(141): CWebApplication->runController('')
#1 /Applications/MAMP/htdocs/yii-1.1.14.f0fee9/framework/base/CApplication.php(180): CWebApplication->processRequest()
#2 /Applications/MAMP/htdocs/MyAPITest/APIDemo/index.php(13): CApplication->run()
#3 {main}
REQUEST_URI=/MyAPITest/APIDemo/
---
2013/10/10 11:09:47 [error] [exception.CHttpException.404] exception 'CHttpException' with message 'Unable to resolve the request "site".' in /Applications/MAMP/htdocs/yii-1.1.14.f0fee9/framework/web/CWebApplication.php:286
Stack trace:
#0 /Applications/MAMP/htdocs/yii-1.1.14.f0fee9/framework/web/CWebApplication.php(141): CWebApplication->runController('')
#1 /Applications/MAMP/htdocs/yii-1.1.14.f0fee9/framework/base/CApplication.php(180): CWebApplication->processRequest()
#2 /Applications/MAMP/htdocs/MyAPITest/APIDemo/index.php(13): CApplication->run()
#3 {main}
REQUEST_URI=/MyAPITest/APIDemo/
---
2013/10/10 11:09:50 [error] [exception.CHttpException.404] exception 'CHttpException' with message 'Unable to resolve the request "site".' in /Applications/MAMP/htdocs/yii-1.1.14.f0fee9/framework/web/CWebApplication.php:286
Stack trace:
#0 /Applications/MAMP/htdocs/yii-1.1.14.f0fee9/framework/web/CWebApplication.php(141): CWebApplication->runController('')
#1 /Applications/MAMP/htdocs/yii-1.1.14.f0fee9/framework/base/CApplication.php(180): CWebApplication->processRequest()
#2 /Applications/MAMP/htdocs/MyAPITest/APIDemo/index.php(13): CApplication->run()
#3 {main}
REQUEST_URI=/MyAPITest/APIDemo/
---
2013/10/10 11:10:15 [error] [exception.CException] exception 'CException' with message 'HomeController cannot find the requested view "index".' in /Applications/MAMP/htdocs/yii-1.1.14.f0fee9/framework/web/CController.php:878
Stack trace:
#0 /Applications/MAMP/htdocs/yii-1.1.14.f0fee9/framework/web/CController.php(782): CController->renderPartial('index', NULL, true)
#1 /Applications/MAMP/htdocs/MyAPITest/APIDemo/protected/controllers/HomeController.php(32): CController->render('index')
#2 /Applications/MAMP/htdocs/yii-1.1.14.f0fee9/framework/web/actions/CInlineAction.php(49): HomeController->actionIndex()
#3 /Applications/MAMP/htdocs/yii-1.1.14.f0fee9/framework/web/CController.php(308): CInlineAction->runWithParams(Array)
#4 /Applications/MAMP/htdocs/yii-1.1.14.f0fee9/framework/web/CController.php(286): CController->runAction(Object(CInlineAction))
#5 /Applications/MAMP/htdocs/yii-1.1.14.f0fee9/framework/web/CController.php(265): CController->runActionWithFilters(Object(CInlineAction), Array)
#6 /Applications/MAMP/htdocs/yii-1.1.14.f0fee9/framework/web/CWebApplication.php(282): CController->run('')
#7 /Applications/MAMP/htdocs/yii-1.1.14.f0fee9/framework/web/CWebApplication.php(141): CWebApplication->runController('')
#8 /Applications/MAMP/htdocs/yii-1.1.14.f0fee9/framework/base/CApplication.php(180): CWebApplication->processRequest()
#9 /Applications/MAMP/htdocs/MyAPITest/APIDemo/index.php(13): CApplication->run()
#10 {main}
REQUEST_URI=/MyAPITest/APIDemo/
---
2013/10/10 11:12:13 [error] [exception.CHttpException.404] exception 'CHttpException' with message 'Unable to resolve the request "Home".' in /Applications/MAMP/htdocs/yii-1.1.14.f0fee9/framework/web/CWebApplication.php:286
Stack trace:
#0 /Applications/MAMP/htdocs/yii-1.1.14.f0fee9/framework/web/CWebApplication.php(141): CWebApplication->runController('')
#1 /Applications/MAMP/htdocs/yii-1.1.14.f0fee9/framework/base/CApplication.php(180): CWebApplication->processRequest()
#2 /Applications/MAMP/htdocs/MyAPITest/APIDemo/index.php(13): CApplication->run()
#3 {main}
REQUEST_URI=/MyAPITest/APIDemo/
---
2013/10/10 17:29:28 [error] [php] date(): It is not safe to rely on the system's timezone settings. You are *required* to use the date.timezone setting or the date_default_timezone_set() function. In case you used any of those methods and you are still getting this warning, you most likely misspelled the timezone identifier. We selected 'Asia/Bangkok' for 'ICT/7.0/no DST' instead (/Applications/MAMP/htdocs/MyAPITest/APIDemo/protected/views/layouts/main.php:51)
Stack trace:
#0 /Applications/MAMP/htdocs/yii-1.1.14.f0fee9/framework/web/CBaseController.php(95): SiteController->renderInternal()
#1 /Applications/MAMP/htdocs/yii-1.1.14.f0fee9/framework/web/widgets/CContentDecorator.php(76): SiteController->renderFile()
#2 /Applications/MAMP/htdocs/yii-1.1.14.f0fee9/framework/web/widgets/CContentDecorator.php(54): CContentDecorator->decorate()
#3 /Applications/MAMP/htdocs/yii-1.1.14.f0fee9/framework/web/widgets/COutputProcessor.php(44): CContentDecorator->processOutput()
#4 /Applications/MAMP/htdocs/yii-1.1.14.f0fee9/framework/web/CBaseController.php(206): CContentDecorator->run()
#5 /Applications/MAMP/htdocs/yii-1.1.14.f0fee9/framework/web/CBaseController.php(300): SiteController->endWidget()
#6 /Applications/MAMP/htdocs/MyAPITest/APIDemo/protected/views/layouts/column1.php(6): SiteController->endContent()
#7 /Applications/MAMP/htdocs/yii-1.1.14.f0fee9/framework/web/CBaseController.php(126): require()
#8 /Applications/MAMP/htdocs/yii-1.1.14.f0fee9/framework/web/CBaseController.php(95): SiteController->renderInternal()
#9 /Applications/MAMP/htdocs/yii-1.1.14.f0fee9/framework/web/CController.php(784): SiteController->renderFile()
#10 /Applications/MAMP/htdocs/MyAPITest/APIDemo/protected/controllers/SiteController.php(32): SiteController->render()
#11 /Applications/MAMP/htdocs/yii-1.1.14.f0fee9/framework/web/actions/CInlineAction.php(49): SiteController->actionIndex()
#12 /Applications/MAMP/htdocs/yii-1.1.14.f0fee9/framework/web/CController.php(308): CInlineAction->runWithParams()
#13 /Applications/MAMP/htdocs/yii-1.1.14.f0fee9/framework/web/CController.php(286): SiteController->runAction()
#14 /Applications/MAMP/htdocs/yii-1.1.14.f0fee9/framework/web/CController.php(265): SiteController->runActionWithFilters()
#15 /Applications/MAMP/htdocs/yii-1.1.14.f0fee9/framework/web/CWebApplication.php(282): SiteController->run()
#16 /Applications/MAMP/htdocs/yii-1.1.14.f0fee9/framework/web/CWebApplication.php(141): CWebApplication->runController()
#17 /Applications/MAMP/htdocs/yii-1.1.14.f0fee9/framework/base/CApplication.php(180): CWebApplication->processRequest()
#18 /Applications/MAMP/htdocs/MyAPITest/APIDemo/index.php(13): CWebApplication->run()
#19 /Applications/MAMP/htdocs/yii-1.1.14.f0fee9/framework/cli/commands/ShellCommand.php(78): require()
#20 /Applications/MAMP/htdocs/yii-1.1.14.f0fee9/framework/console/CConsoleCommandRunner.php(71): ShellCommand->run()
#21 /Applications/MAMP/htdocs/yii-1.1.14.f0fee9/framework/console/CConsoleApplication.php(92): CConsoleCommandRunner->run()
#22 /Applications/MAMP/htdocs/yii-1.1.14.f0fee9/framework/base/CApplication.php(180): CConsoleApplication->processRequest()
#23 /Applications/MAMP/htdocs/yii-1.1.14.f0fee9/framework/yiic.php(33): CConsoleApplication->run()
#24 /Applications/MAMP/htdocs/MyAPITest/APIDemo/protected/yiic.php(7): require_once()
#25 /Applications/MAMP/htdocs/MyAPITest/APIDemo/protected/yiic(4): require_once()
REQUEST_URI=/index.php
2013/10/10 17:29:28 [error] [php] date(): It is not safe to rely on the system's timezone settings. You are *required* to use the date.timezone setting or the date_default_timezone_set() function. In case you used any of those methods and you are still getting this warning, you most likely misspelled the timezone identifier. We selected 'Asia/Bangkok' for 'ICT/7.0/no DST' instead (/Applications/MAMP/htdocs/MyAPITest/APIDemo/protected/views/layouts/main.php:51)
Stack trace:
#0 /Applications/MAMP/htdocs/yii-1.1.14.f0fee9/framework/web/CBaseController.php(95): SiteController->renderInternal()
#1 /Applications/MAMP/htdocs/yii-1.1.14.f0fee9/framework/web/widgets/CContentDecorator.php(76): SiteController->renderFile()
#2 /Applications/MAMP/htdocs/yii-1.1.14.f0fee9/framework/web/widgets/CContentDecorator.php(54): CContentDecorator->decorate()
#3 /Applications/MAMP/htdocs/yii-1.1.14.f0fee9/framework/web/widgets/COutputProcessor.php(44): CContentDecorator->processOutput()
#4 /Applications/MAMP/htdocs/yii-1.1.14.f0fee9/framework/web/CBaseController.php(206): CContentDecorator->run()
#5 /Applications/MAMP/htdocs/yii-1.1.14.f0fee9/framework/web/CBaseController.php(300): SiteController->endWidget()
#6 /Applications/MAMP/htdocs/MyAPITest/APIDemo/protected/views/layouts/column1.php(6): SiteController->endContent()
#7 /Applications/MAMP/htdocs/yii-1.1.14.f0fee9/framework/web/CBaseController.php(126): require()
#8 /Applications/MAMP/htdocs/yii-1.1.14.f0fee9/framework/web/CBaseController.php(95): SiteController->renderInternal()
#9 /Applications/MAMP/htdocs/yii-1.1.14.f0fee9/framework/web/CController.php(784): SiteController->renderFile()
#10 /Applications/MAMP/htdocs/MyAPITest/APIDemo/protected/controllers/SiteController.php(32): SiteController->render()
#11 /Applications/MAMP/htdocs/yii-1.1.14.f0fee9/framework/web/actions/CInlineAction.php(49): SiteController->actionIndex()
#12 /Applications/MAMP/htdocs/yii-1.1.14.f0fee9/framework/web/CController.php(308): CInlineAction->runWithParams()
#13 /Applications/MAMP/htdocs/yii-1.1.14.f0fee9/framework/web/CController.php(286): SiteController->runAction()
#14 /Applications/MAMP/htdocs/yii-1.1.14.f0fee9/framework/web/CController.php(265): SiteController->runActionWithFilters()
#15 /Applications/MAMP/htdocs/yii-1.1.14.f0fee9/framework/web/CWebApplication.php(282): SiteController->run()
#16 /Applications/MAMP/htdocs/yii-1.1.14.f0fee9/framework/web/CWebApplication.php(141): CWebApplication->runController()
#17 /Applications/MAMP/htdocs/yii-1.1.14.f0fee9/framework/base/CApplication.php(180): CWebApplication->processRequest()
#18 /Applications/MAMP/htdocs/MyAPITest/APIDemo/index.php(13): CWebApplication->run()
#19 /Applications/MAMP/htdocs/yii-1.1.14.f0fee9/framework/cli/commands/ShellCommand.php(78): require()
#20 /Applications/MAMP/htdocs/yii-1.1.14.f0fee9/framework/console/CConsoleCommandRunner.php(71): ShellCommand->run()
#21 /Applications/MAMP/htdocs/yii-1.1.14.f0fee9/framework/console/CConsoleApplication.php(92): CConsoleCommandRunner->run()
#22 /Applications/MAMP/htdocs/yii-1.1.14.f0fee9/framework/base/CApplication.php(180): CConsoleApplication->processRequest()
#23 /Applications/MAMP/htdocs/yii-1.1.14.f0fee9/framework/yiic.php(33): CConsoleApplication->run()
#24 /Applications/MAMP/htdocs/MyAPITest/APIDemo/protected/yiic.php(7): require_once()
#25 /Applications/MAMP/htdocs/MyAPITest/APIDemo/protected/yiic(4): require_once()
REQUEST_URI=/index.php
2013/10/10 17:36:43 [error] [php] date(): It is not safe to rely on the system's timezone settings. You are *required* to use the date.timezone setting or the date_default_timezone_set() function. In case you used any of those methods and you are still getting this warning, you most likely misspelled the timezone identifier. We selected 'Asia/Bangkok' for 'ICT/7.0/no DST' instead (/Applications/MAMP/htdocs/MyAPITest/APIDemo/protected/views/layouts/main.php:51)
Stack trace:
#0 /Applications/MAMP/htdocs/yii-1.1.14.f0fee9/framework/web/CBaseController.php(95): SiteController->renderInternal()
#1 /Applications/MAMP/htdocs/yii-1.1.14.f0fee9/framework/web/widgets/CContentDecorator.php(76): SiteController->renderFile()
#2 /Applications/MAMP/htdocs/yii-1.1.14.f0fee9/framework/web/widgets/CContentDecorator.php(54): CContentDecorator->decorate()
#3 /Applications/MAMP/htdocs/yii-1.1.14.f0fee9/framework/web/widgets/COutputProcessor.php(44): CContentDecorator->processOutput()
#4 /Applications/MAMP/htdocs/yii-1.1.14.f0fee9/framework/web/CBaseController.php(206): CContentDecorator->run()
#5 /Applications/MAMP/htdocs/yii-1.1.14.f0fee9/framework/web/CBaseController.php(300): SiteController->endWidget()
#6 /Applications/MAMP/htdocs/MyAPITest/APIDemo/protected/views/layouts/column1.php(6): SiteController->endContent()
#7 /Applications/MAMP/htdocs/yii-1.1.14.f0fee9/framework/web/CBaseController.php(126): require()
#8 /Applications/MAMP/htdocs/yii-1.1.14.f0fee9/framework/web/CBaseController.php(95): SiteController->renderInternal()
#9 /Applications/MAMP/htdocs/yii-1.1.14.f0fee9/framework/web/CController.php(784): SiteController->renderFile()
#10 /Applications/MAMP/htdocs/MyAPITest/APIDemo/protected/controllers/SiteController.php(32): SiteController->render()
#11 /Applications/MAMP/htdocs/yii-1.1.14.f0fee9/framework/web/actions/CInlineAction.php(49): SiteController->actionIndex()
#12 /Applications/MAMP/htdocs/yii-1.1.14.f0fee9/framework/web/CController.php(308): CInlineAction->runWithParams()
#13 /Applications/MAMP/htdocs/yii-1.1.14.f0fee9/framework/web/CController.php(286): SiteController->runAction()
#14 /Applications/MAMP/htdocs/yii-1.1.14.f0fee9/framework/web/CController.php(265): SiteController->runActionWithFilters()
#15 /Applications/MAMP/htdocs/yii-1.1.14.f0fee9/framework/web/CWebApplication.php(282): SiteController->run()
#16 /Applications/MAMP/htdocs/yii-1.1.14.f0fee9/framework/web/CWebApplication.php(141): CWebApplication->runController()
#17 /Applications/MAMP/htdocs/yii-1.1.14.f0fee9/framework/base/CApplication.php(180): CWebApplication->processRequest()
#18 /Applications/MAMP/htdocs/MyAPITest/APIDemo/index.php(13): CWebApplication->run()
#19 /Applications/MAMP/htdocs/yii-1.1.14.f0fee9/framework/cli/commands/ShellCommand.php(78): require()
#20 /Applications/MAMP/htdocs/yii-1.1.14.f0fee9/framework/console/CConsoleCommandRunner.php(71): ShellCommand->run()
#21 /Applications/MAMP/htdocs/yii-1.1.14.f0fee9/framework/console/CConsoleApplication.php(92): CConsoleCommandRunner->run()
#22 /Applications/MAMP/htdocs/yii-1.1.14.f0fee9/framework/base/CApplication.php(180): CConsoleApplication->processRequest()
#23 /Applications/MAMP/htdocs/yii-1.1.14.f0fee9/framework/yiic.php(33): CConsoleApplication->run()
#24 /Applications/MAMP/htdocs/MyAPITest/APIDemo/protected/yiic.php(7): require_once()
#25 /Applications/MAMP/htdocs/MyAPITest/APIDemo/protected/yiic(4): require_once()
REQUEST_URI=/index.php
2013/10/10 17:36:43 [error] [php] date(): It is not safe to rely on the system's timezone settings. You are *required* to use the date.timezone setting or the date_default_timezone_set() function. In case you used any of those methods and you are still getting this warning, you most likely misspelled the timezone identifier. We selected 'Asia/Bangkok' for 'ICT/7.0/no DST' instead (/Applications/MAMP/htdocs/MyAPITest/APIDemo/protected/views/layouts/main.php:51)
Stack trace:
#0 /Applications/MAMP/htdocs/yii-1.1.14.f0fee9/framework/web/CBaseController.php(95): SiteController->renderInternal()
#1 /Applications/MAMP/htdocs/yii-1.1.14.f0fee9/framework/web/widgets/CContentDecorator.php(76): SiteController->renderFile()
#2 /Applications/MAMP/htdocs/yii-1.1.14.f0fee9/framework/web/widgets/CContentDecorator.php(54): CContentDecorator->decorate()
#3 /Applications/MAMP/htdocs/yii-1.1.14.f0fee9/framework/web/widgets/COutputProcessor.php(44): CContentDecorator->processOutput()
#4 /Applications/MAMP/htdocs/yii-1.1.14.f0fee9/framework/web/CBaseController.php(206): CContentDecorator->run()
#5 /Applications/MAMP/htdocs/yii-1.1.14.f0fee9/framework/web/CBaseController.php(300): SiteController->endWidget()
#6 /Applications/MAMP/htdocs/MyAPITest/APIDemo/protected/views/layouts/column1.php(6): SiteController->endContent()
#7 /Applications/MAMP/htdocs/yii-1.1.14.f0fee9/framework/web/CBaseController.php(126): require()
#8 /Applications/MAMP/htdocs/yii-1.1.14.f0fee9/framework/web/CBaseController.php(95): SiteController->renderInternal()
#9 /Applications/MAMP/htdocs/yii-1.1.14.f0fee9/framework/web/CController.php(784): SiteController->renderFile()
#10 /Applications/MAMP/htdocs/MyAPITest/APIDemo/protected/controllers/SiteController.php(32): SiteController->render()
#11 /Applications/MAMP/htdocs/yii-1.1.14.f0fee9/framework/web/actions/CInlineAction.php(49): SiteController->actionIndex()
#12 /Applications/MAMP/htdocs/yii-1.1.14.f0fee9/framework/web/CController.php(308): CInlineAction->runWithParams()
#13 /Applications/MAMP/htdocs/yii-1.1.14.f0fee9/framework/web/CController.php(286): SiteController->runAction()
#14 /Applications/MAMP/htdocs/yii-1.1.14.f0fee9/framework/web/CController.php(265): SiteController->runActionWithFilters()
#15 /Applications/MAMP/htdocs/yii-1.1.14.f0fee9/framework/web/CWebApplication.php(282): SiteController->run()
#16 /Applications/MAMP/htdocs/yii-1.1.14.f0fee9/framework/web/CWebApplication.php(141): CWebApplication->runController()
#17 /Applications/MAMP/htdocs/yii-1.1.14.f0fee9/framework/base/CApplication.php(180): CWebApplication->processRequest()
#18 /Applications/MAMP/htdocs/MyAPITest/APIDemo/index.php(13): CWebApplication->run()
#19 /Applications/MAMP/htdocs/yii-1.1.14.f0fee9/framework/cli/commands/ShellCommand.php(78): require()
#20 /Applications/MAMP/htdocs/yii-1.1.14.f0fee9/framework/console/CConsoleCommandRunner.php(71): ShellCommand->run()
#21 /Applications/MAMP/htdocs/yii-1.1.14.f0fee9/framework/console/CConsoleApplication.php(92): CConsoleCommandRunner->run()
#22 /Applications/MAMP/htdocs/yii-1.1.14.f0fee9/framework/base/CApplication.php(180): CConsoleApplication->processRequest()
#23 /Applications/MAMP/htdocs/yii-1.1.14.f0fee9/framework/yiic.php(33): CConsoleApplication->run()
#24 /Applications/MAMP/htdocs/MyAPITest/APIDemo/protected/yiic.php(7): require_once()
#25 /Applications/MAMP/htdocs/MyAPITest/APIDemo/protected/yiic(4): require_once()
REQUEST_URI=/index.php
2013/10/10 17:38:09 [error] [php] date(): It is not safe to rely on the system's timezone settings. You are *required* to use the date.timezone setting or the date_default_timezone_set() function. In case you used any of those methods and you are still getting this warning, you most likely misspelled the timezone identifier. We selected 'Asia/Bangkok' for 'ICT/7.0/no DST' instead (/Applications/MAMP/htdocs/MyAPITest/APIDemo/protected/views/layouts/main.php:51)
Stack trace:
#0 /Applications/MAMP/htdocs/yii-1.1.14.f0fee9/framework/web/CBaseController.php(95): SiteController->renderInternal()
#1 /Applications/MAMP/htdocs/yii-1.1.14.f0fee9/framework/web/widgets/CContentDecorator.php(76): SiteController->renderFile()
#2 /Applications/MAMP/htdocs/yii-1.1.14.f0fee9/framework/web/widgets/CContentDecorator.php(54): CContentDecorator->decorate()
#3 /Applications/MAMP/htdocs/yii-1.1.14.f0fee9/framework/web/widgets/COutputProcessor.php(44): CContentDecorator->processOutput()
#4 /Applications/MAMP/htdocs/yii-1.1.14.f0fee9/framework/web/CBaseController.php(206): CContentDecorator->run()
#5 /Applications/MAMP/htdocs/yii-1.1.14.f0fee9/framework/web/CBaseController.php(300): SiteController->endWidget()
#6 /Applications/MAMP/htdocs/MyAPITest/APIDemo/protected/views/layouts/column1.php(6): SiteController->endContent()
#7 /Applications/MAMP/htdocs/yii-1.1.14.f0fee9/framework/web/CBaseController.php(126): require()
#8 /Applications/MAMP/htdocs/yii-1.1.14.f0fee9/framework/web/CBaseController.php(95): SiteController->renderInternal()
#9 /Applications/MAMP/htdocs/yii-1.1.14.f0fee9/framework/web/CController.php(784): SiteController->renderFile()
#10 /Applications/MAMP/htdocs/MyAPITest/APIDemo/protected/controllers/SiteController.php(32): SiteController->render()
#11 /Applications/MAMP/htdocs/yii-1.1.14.f0fee9/framework/web/actions/CInlineAction.php(49): SiteController->actionIndex()
#12 /Applications/MAMP/htdocs/yii-1.1.14.f0fee9/framework/web/CController.php(308): CInlineAction->runWithParams()
#13 /Applications/MAMP/htdocs/yii-1.1.14.f0fee9/framework/web/CController.php(286): SiteController->runAction()
#14 /Applications/MAMP/htdocs/yii-1.1.14.f0fee9/framework/web/CController.php(265): SiteController->runActionWithFilters()
#15 /Applications/MAMP/htdocs/yii-1.1.14.f0fee9/framework/web/CWebApplication.php(282): SiteController->run()
#16 /Applications/MAMP/htdocs/yii-1.1.14.f0fee9/framework/web/CWebApplication.php(141): CWebApplication->runController()
#17 /Applications/MAMP/htdocs/yii-1.1.14.f0fee9/framework/base/CApplication.php(180): CWebApplication->processRequest()
#18 /Applications/MAMP/htdocs/MyAPITest/APIDemo/index.php(13): CWebApplication->run()
#19 /Applications/MAMP/htdocs/yii-1.1.14.f0fee9/framework/cli/commands/ShellCommand.php(78): require()
#20 /Applications/MAMP/htdocs/yii-1.1.14.f0fee9/framework/console/CConsoleCommandRunner.php(71): ShellCommand->run()
#21 /Applications/MAMP/htdocs/yii-1.1.14.f0fee9/framework/console/CConsoleApplication.php(92): CConsoleCommandRunner->run()
#22 /Applications/MAMP/htdocs/yii-1.1.14.f0fee9/framework/base/CApplication.php(180): CConsoleApplication->processRequest()
#23 /Applications/MAMP/htdocs/yii-1.1.14.f0fee9/framework/yiic.php(33): CConsoleApplication->run()
#24 /Applications/MAMP/htdocs/MyAPITest/APIDemo/protected/yiic.php(7): require_once()
REQUEST_URI=/index.php
2013/10/10 17:38:09 [error] [php] date(): It is not safe to rely on the system's timezone settings. You are *required* to use the date.timezone setting or the date_default_timezone_set() function. In case you used any of those methods and you are still getting this warning, you most likely misspelled the timezone identifier. We selected 'Asia/Bangkok' for 'ICT/7.0/no DST' instead (/Applications/MAMP/htdocs/MyAPITest/APIDemo/protected/views/layouts/main.php:51)
Stack trace:
#0 /Applications/MAMP/htdocs/yii-1.1.14.f0fee9/framework/web/CBaseController.php(95): SiteController->renderInternal()
#1 /Applications/MAMP/htdocs/yii-1.1.14.f0fee9/framework/web/widgets/CContentDecorator.php(76): SiteController->renderFile()
#2 /Applications/MAMP/htdocs/yii-1.1.14.f0fee9/framework/web/widgets/CContentDecorator.php(54): CContentDecorator->decorate()
#3 /Applications/MAMP/htdocs/yii-1.1.14.f0fee9/framework/web/widgets/COutputProcessor.php(44): CContentDecorator->processOutput()
#4 /Applications/MAMP/htdocs/yii-1.1.14.f0fee9/framework/web/CBaseController.php(206): CContentDecorator->run()
#5 /Applications/MAMP/htdocs/yii-1.1.14.f0fee9/framework/web/CBaseController.php(300): SiteController->endWidget()
#6 /Applications/MAMP/htdocs/MyAPITest/APIDemo/protected/views/layouts/column1.php(6): SiteController->endContent()
#7 /Applications/MAMP/htdocs/yii-1.1.14.f0fee9/framework/web/CBaseController.php(126): require()
#8 /Applications/MAMP/htdocs/yii-1.1.14.f0fee9/framework/web/CBaseController.php(95): SiteController->renderInternal()
#9 /Applications/MAMP/htdocs/yii-1.1.14.f0fee9/framework/web/CController.php(784): SiteController->renderFile()
#10 /Applications/MAMP/htdocs/MyAPITest/APIDemo/protected/controllers/SiteController.php(32): SiteController->render()
#11 /Applications/MAMP/htdocs/yii-1.1.14.f0fee9/framework/web/actions/CInlineAction.php(49): SiteController->actionIndex()
#12 /Applications/MAMP/htdocs/yii-1.1.14.f0fee9/framework/web/CController.php(308): CInlineAction->runWithParams()
#13 /Applications/MAMP/htdocs/yii-1.1.14.f0fee9/framework/web/CController.php(286): SiteController->runAction()
#14 /Applications/MAMP/htdocs/yii-1.1.14.f0fee9/framework/web/CController.php(265): SiteController->runActionWithFilters()
#15 /Applications/MAMP/htdocs/yii-1.1.14.f0fee9/framework/web/CWebApplication.php(282): SiteController->run()
#16 /Applications/MAMP/htdocs/yii-1.1.14.f0fee9/framework/web/CWebApplication.php(141): CWebApplication->runController()
#17 /Applications/MAMP/htdocs/yii-1.1.14.f0fee9/framework/base/CApplication.php(180): CWebApplication->processRequest()
#18 /Applications/MAMP/htdocs/MyAPITest/APIDemo/index.php(13): CWebApplication->run()
#19 /Applications/MAMP/htdocs/yii-1.1.14.f0fee9/framework/cli/commands/ShellCommand.php(78): require()
#20 /Applications/MAMP/htdocs/yii-1.1.14.f0fee9/framework/console/CConsoleCommandRunner.php(71): ShellCommand->run()
#21 /Applications/MAMP/htdocs/yii-1.1.14.f0fee9/framework/console/CConsoleApplication.php(92): CConsoleCommandRunner->run()
#22 /Applications/MAMP/htdocs/yii-1.1.14.f0fee9/framework/base/CApplication.php(180): CConsoleApplication->processRequest()
#23 /Applications/MAMP/htdocs/yii-1.1.14.f0fee9/framework/yiic.php(33): CConsoleApplication->run()
#24 /Applications/MAMP/htdocs/MyAPITest/APIDemo/protected/yiic.php(7): require_once()
REQUEST_URI=/index.php
2013/10/10 17:40:11 [error] [php] date(): It is not safe to rely on the system's timezone settings. You are *required* to use the date.timezone setting or the date_default_timezone_set() function. In case you used any of those methods and you are still getting this warning, you most likely misspelled the timezone identifier. We selected 'Asia/Bangkok' for 'ICT/7.0/no DST' instead (/Applications/MAMP/htdocs/MyAPITest/APIDemo/protected/views/layouts/main.php:51)
Stack trace:
#0 /Applications/MAMP/htdocs/yii-1.1.14.f0fee9/framework/web/CBaseController.php(95): SiteController->renderInternal()
#1 /Applications/MAMP/htdocs/yii-1.1.14.f0fee9/framework/web/widgets/CContentDecorator.php(76): SiteController->renderFile()
#2 /Applications/MAMP/htdocs/yii-1.1.14.f0fee9/framework/web/widgets/CContentDecorator.php(54): CContentDecorator->decorate()
#3 /Applications/MAMP/htdocs/yii-1.1.14.f0fee9/framework/web/widgets/COutputProcessor.php(44): CContentDecorator->processOutput()
#4 /Applications/MAMP/htdocs/yii-1.1.14.f0fee9/framework/web/CBaseController.php(206): CContentDecorator->run()
#5 /Applications/MAMP/htdocs/yii-1.1.14.f0fee9/framework/web/CBaseController.php(300): SiteController->endWidget()
#6 /Applications/MAMP/htdocs/MyAPITest/APIDemo/protected/views/layouts/column1.php(6): SiteController->endContent()
#7 /Applications/MAMP/htdocs/yii-1.1.14.f0fee9/framework/web/CBaseController.php(126): require()
#8 /Applications/MAMP/htdocs/yii-1.1.14.f0fee9/framework/web/CBaseController.php(95): SiteController->renderInternal()
#9 /Applications/MAMP/htdocs/yii-1.1.14.f0fee9/framework/web/CController.php(784): SiteController->renderFile()
#10 /Applications/MAMP/htdocs/MyAPITest/APIDemo/protected/controllers/SiteController.php(32): SiteController->render()
#11 /Applications/MAMP/htdocs/yii-1.1.14.f0fee9/framework/web/actions/CInlineAction.php(49): SiteController->actionIndex()
#12 /Applications/MAMP/htdocs/yii-1.1.14.f0fee9/framework/web/CController.php(308): CInlineAction->runWithParams()
#13 /Applications/MAMP/htdocs/yii-1.1.14.f0fee9/framework/web/CController.php(286): SiteController->runAction()
#14 /Applications/MAMP/htdocs/yii-1.1.14.f0fee9/framework/web/CController.php(265): SiteController->runActionWithFilters()
#15 /Applications/MAMP/htdocs/yii-1.1.14.f0fee9/framework/web/CWebApplication.php(282): SiteController->run()
#16 /Applications/MAMP/htdocs/yii-1.1.14.f0fee9/framework/web/CWebApplication.php(141): CWebApplication->runController()
#17 /Applications/MAMP/htdocs/yii-1.1.14.f0fee9/framework/base/CApplication.php(180): CWebApplication->processRequest()
#18 /Applications/MAMP/htdocs/MyAPITest/APIDemo/index.php(13): CWebApplication->run()
#19 /Applications/MAMP/htdocs/yii-1.1.14.f0fee9/framework/cli/commands/ShellCommand.php(78): require()
#20 /Applications/MAMP/htdocs/yii-1.1.14.f0fee9/framework/console/CConsoleCommandRunner.php(71): ShellCommand->run()
#21 /Applications/MAMP/htdocs/yii-1.1.14.f0fee9/framework/console/CConsoleApplication.php(92): CConsoleCommandRunner->run()
#22 /Applications/MAMP/htdocs/yii-1.1.14.f0fee9/framework/base/CApplication.php(180): CConsoleApplication->processRequest()
#23 /Applications/MAMP/htdocs/yii-1.1.14.f0fee9/framework/yiic.php(33): CConsoleApplication->run()
#24 /Applications/MAMP/htdocs/MyAPITest/APIDemo/protected/yiic.php(7): require_once()
#25 /Applications/MAMP/htdocs/MyAPITest/APIDemo/protected/yiic(4): require_once()
REQUEST_URI=/index.php
2013/10/10 17:40:11 [error] [php] date(): It is not safe to rely on the system's timezone settings. You are *required* to use the date.timezone setting or the date_default_timezone_set() function. In case you used any of those methods and you are still getting this warning, you most likely misspelled the timezone identifier. We selected 'Asia/Bangkok' for 'ICT/7.0/no DST' instead (/Applications/MAMP/htdocs/MyAPITest/APIDemo/protected/views/layouts/main.php:51)
Stack trace:
#0 /Applications/MAMP/htdocs/yii-1.1.14.f0fee9/framework/web/CBaseController.php(95): SiteController->renderInternal()
#1 /Applications/MAMP/htdocs/yii-1.1.14.f0fee9/framework/web/widgets/CContentDecorator.php(76): SiteController->renderFile()
#2 /Applications/MAMP/htdocs/yii-1.1.14.f0fee9/framework/web/widgets/CContentDecorator.php(54): CContentDecorator->decorate()
#3 /Applications/MAMP/htdocs/yii-1.1.14.f0fee9/framework/web/widgets/COutputProcessor.php(44): CContentDecorator->processOutput()
#4 /Applications/MAMP/htdocs/yii-1.1.14.f0fee9/framework/web/CBaseController.php(206): CContentDecorator->run()
#5 /Applications/MAMP/htdocs/yii-1.1.14.f0fee9/framework/web/CBaseController.php(300): SiteController->endWidget()
#6 /Applications/MAMP/htdocs/MyAPITest/APIDemo/protected/views/layouts/column1.php(6): SiteController->endContent()
#7 /Applications/MAMP/htdocs/yii-1.1.14.f0fee9/framework/web/CBaseController.php(126): require()
#8 /Applications/MAMP/htdocs/yii-1.1.14.f0fee9/framework/web/CBaseController.php(95): SiteController->renderInternal()
#9 /Applications/MAMP/htdocs/yii-1.1.14.f0fee9/framework/web/CController.php(784): SiteController->renderFile()
#10 /Applications/MAMP/htdocs/MyAPITest/APIDemo/protected/controllers/SiteController.php(32): SiteController->render()
#11 /Applications/MAMP/htdocs/yii-1.1.14.f0fee9/framework/web/actions/CInlineAction.php(49): SiteController->actionIndex()
#12 /Applications/MAMP/htdocs/yii-1.1.14.f0fee9/framework/web/CController.php(308): CInlineAction->runWithParams()
#13 /Applications/MAMP/htdocs/yii-1.1.14.f0fee9/framework/web/CController.php(286): SiteController->runAction()
#14 /Applications/MAMP/htdocs/yii-1.1.14.f0fee9/framework/web/CController.php(265): SiteController->runActionWithFilters()
#15 /Applications/MAMP/htdocs/yii-1.1.14.f0fee9/framework/web/CWebApplication.php(282): SiteController->run()
#16 /Applications/MAMP/htdocs/yii-1.1.14.f0fee9/framework/web/CWebApplication.php(141): CWebApplication->runController()
#17 /Applications/MAMP/htdocs/yii-1.1.14.f0fee9/framework/base/CApplication.php(180): CWebApplication->processRequest()
#18 /Applications/MAMP/htdocs/MyAPITest/APIDemo/index.php(13): CWebApplication->run()
#19 /Applications/MAMP/htdocs/yii-1.1.14.f0fee9/framework/cli/commands/ShellCommand.php(78): require()
#20 /Applications/MAMP/htdocs/yii-1.1.14.f0fee9/framework/console/CConsoleCommandRunner.php(71): ShellCommand->run()
#21 /Applications/MAMP/htdocs/yii-1.1.14.f0fee9/framework/console/CConsoleApplication.php(92): CConsoleCommandRunner->run()
#22 /Applications/MAMP/htdocs/yii-1.1.14.f0fee9/framework/base/CApplication.php(180): CConsoleApplication->processRequest()
#23 /Applications/MAMP/htdocs/yii-1.1.14.f0fee9/framework/yiic.php(33): CConsoleApplication->run()
#24 /Applications/MAMP/htdocs/MyAPITest/APIDemo/protected/yiic.php(7): require_once()
#25 /Applications/MAMP/htdocs/MyAPITest/APIDemo/protected/yiic(4): require_once()
REQUEST_URI=/index.php
2013/10/11 08:43:05 [error] [php] date(): It is not safe to rely on the system's timezone settings. You are *required* to use the date.timezone setting or the date_default_timezone_set() function. In case you used any of those methods and you are still getting this warning, you most likely misspelled the timezone identifier. We selected 'Asia/Bangkok' for 'ICT/7.0/no DST' instead (/Applications/MAMP/htdocs/MyAPITest/APIDemo/protected/views/layouts/main.php:51)
Stack trace:
#0 /Applications/MAMP/htdocs/MyAPITest/framework/web/CBaseController.php(95): SiteController->renderInternal()
#1 /Applications/MAMP/htdocs/MyAPITest/framework/web/widgets/CContentDecorator.php(76): SiteController->renderFile()
#2 /Applications/MAMP/htdocs/MyAPITest/framework/web/widgets/CContentDecorator.php(54): CContentDecorator->decorate()
#3 /Applications/MAMP/htdocs/MyAPITest/framework/web/widgets/COutputProcessor.php(44): CContentDecorator->processOutput()
#4 /Applications/MAMP/htdocs/MyAPITest/framework/web/CBaseController.php(206): CContentDecorator->run()
#5 /Applications/MAMP/htdocs/MyAPITest/framework/web/CBaseController.php(300): SiteController->endWidget()
#6 /Applications/MAMP/htdocs/MyAPITest/APIDemo/protected/views/layouts/column1.php(6): SiteController->endContent()
#7 /Applications/MAMP/htdocs/MyAPITest/framework/web/CBaseController.php(126): require()
#8 /Applications/MAMP/htdocs/MyAPITest/framework/web/CBaseController.php(95): SiteController->renderInternal()
#9 /Applications/MAMP/htdocs/MyAPITest/framework/web/CController.php(784): SiteController->renderFile()
#10 /Applications/MAMP/htdocs/MyAPITest/APIDemo/protected/controllers/SiteController.php(32): SiteController->render()
#11 /Applications/MAMP/htdocs/MyAPITest/framework/web/actions/CInlineAction.php(49): SiteController->actionIndex()
#12 /Applications/MAMP/htdocs/MyAPITest/framework/web/CController.php(308): CInlineAction->runWithParams()
#13 /Applications/MAMP/htdocs/MyAPITest/framework/web/CController.php(286): SiteController->runAction()
#14 /Applications/MAMP/htdocs/MyAPITest/framework/web/CController.php(265): SiteController->runActionWithFilters()
#15 /Applications/MAMP/htdocs/MyAPITest/framework/web/CWebApplication.php(282): SiteController->run()
#16 /Applications/MAMP/htdocs/MyAPITest/framework/web/CWebApplication.php(141): CWebApplication->runController()
#17 /Applications/MAMP/htdocs/MyAPITest/framework/base/CApplication.php(180): CWebApplication->processRequest()
#18 /Applications/MAMP/htdocs/MyAPITest/APIDemo/index.php(13): CWebApplication->run()
#19 /Applications/MAMP/htdocs/MyAPITest/framework/cli/commands/ShellCommand.php(78): require()
#20 /Applications/MAMP/htdocs/MyAPITest/framework/console/CConsoleCommandRunner.php(71): ShellCommand->run()
#21 /Applications/MAMP/htdocs/MyAPITest/framework/console/CConsoleApplication.php(92): CConsoleCommandRunner->run()
#22 /Applications/MAMP/htdocs/MyAPITest/framework/base/CApplication.php(180): CConsoleApplication->processRequest()
#23 /Applications/MAMP/htdocs/MyAPITest/framework/yiic.php(33): CConsoleApplication->run()
#24 /Applications/MAMP/htdocs/MyAPITest/APIDemo/protected/yiic.php(7): require_once()
#25 /Applications/MAMP/htdocs/MyAPITest/APIDemo/protected/yiic(4): require_once()
REQUEST_URI=/index.php
2013/10/11 08:43:05 [error] [php] date(): It is not safe to rely on the system's timezone settings. You are *required* to use the date.timezone setting or the date_default_timezone_set() function. In case you used any of those methods and you are still getting this warning, you most likely misspelled the timezone identifier. We selected 'Asia/Bangkok' for 'ICT/7.0/no DST' instead (/Applications/MAMP/htdocs/MyAPITest/APIDemo/protected/views/layouts/main.php:51)
Stack trace:
#0 /Applications/MAMP/htdocs/MyAPITest/framework/web/CBaseController.php(95): SiteController->renderInternal()
#1 /Applications/MAMP/htdocs/MyAPITest/framework/web/widgets/CContentDecorator.php(76): SiteController->renderFile()
#2 /Applications/MAMP/htdocs/MyAPITest/framework/web/widgets/CContentDecorator.php(54): CContentDecorator->decorate()
#3 /Applications/MAMP/htdocs/MyAPITest/framework/web/widgets/COutputProcessor.php(44): CContentDecorator->processOutput()
#4 /Applications/MAMP/htdocs/MyAPITest/framework/web/CBaseController.php(206): CContentDecorator->run()
#5 /Applications/MAMP/htdocs/MyAPITest/framework/web/CBaseController.php(300): SiteController->endWidget()
#6 /Applications/MAMP/htdocs/MyAPITest/APIDemo/protected/views/layouts/column1.php(6): SiteController->endContent()
#7 /Applications/MAMP/htdocs/MyAPITest/framework/web/CBaseController.php(126): require()
#8 /Applications/MAMP/htdocs/MyAPITest/framework/web/CBaseController.php(95): SiteController->renderInternal()
#9 /Applications/MAMP/htdocs/MyAPITest/framework/web/CController.php(784): SiteController->renderFile()
#10 /Applications/MAMP/htdocs/MyAPITest/APIDemo/protected/controllers/SiteController.php(32): SiteController->render()
#11 /Applications/MAMP/htdocs/MyAPITest/framework/web/actions/CInlineAction.php(49): SiteController->actionIndex()
#12 /Applications/MAMP/htdocs/MyAPITest/framework/web/CController.php(308): CInlineAction->runWithParams()
#13 /Applications/MAMP/htdocs/MyAPITest/framework/web/CController.php(286): SiteController->runAction()
#14 /Applications/MAMP/htdocs/MyAPITest/framework/web/CController.php(265): SiteController->runActionWithFilters()
#15 /Applications/MAMP/htdocs/MyAPITest/framework/web/CWebApplication.php(282): SiteController->run()
#16 /Applications/MAMP/htdocs/MyAPITest/framework/web/CWebApplication.php(141): CWebApplication->runController()
#17 /Applications/MAMP/htdocs/MyAPITest/framework/base/CApplication.php(180): CWebApplication->processRequest()
#18 /Applications/MAMP/htdocs/MyAPITest/APIDemo/index.php(13): CWebApplication->run()
#19 /Applications/MAMP/htdocs/MyAPITest/framework/cli/commands/ShellCommand.php(78): require()
#20 /Applications/MAMP/htdocs/MyAPITest/framework/console/CConsoleCommandRunner.php(71): ShellCommand->run()
#21 /Applications/MAMP/htdocs/MyAPITest/framework/console/CConsoleApplication.php(92): CConsoleCommandRunner->run()
#22 /Applications/MAMP/htdocs/MyAPITest/framework/base/CApplication.php(180): CConsoleApplication->processRequest()
#23 /Applications/MAMP/htdocs/MyAPITest/framework/yiic.php(33): CConsoleApplication->run()
#24 /Applications/MAMP/htdocs/MyAPITest/APIDemo/protected/yiic.php(7): require_once()
#25 /Applications/MAMP/htdocs/MyAPITest/APIDemo/protected/yiic(4): require_once()
REQUEST_URI=/index.php
2013/10/11 08:43:10 [error] [php] date(): It is not safe to rely on the system's timezone settings. You are *required* to use the date.timezone setting or the date_default_timezone_set() function. In case you used any of those methods and you are still getting this warning, you most likely misspelled the timezone identifier. We selected 'Asia/Bangkok' for 'ICT/7.0/no DST' instead (/Applications/MAMP/htdocs/MyAPITest/APIDemo/protected/views/layouts/main.php:51)
Stack trace:
#0 /Applications/MAMP/htdocs/MyAPITest/framework/web/CBaseController.php(95): SiteController->renderInternal()
#1 /Applications/MAMP/htdocs/MyAPITest/framework/web/widgets/CContentDecorator.php(76): SiteController->renderFile()
#2 /Applications/MAMP/htdocs/MyAPITest/framework/web/widgets/CContentDecorator.php(54): CContentDecorator->decorate()
#3 /Applications/MAMP/htdocs/MyAPITest/framework/web/widgets/COutputProcessor.php(44): CContentDecorator->processOutput()
#4 /Applications/MAMP/htdocs/MyAPITest/framework/web/CBaseController.php(206): CContentDecorator->run()
#5 /Applications/MAMP/htdocs/MyAPITest/framework/web/CBaseController.php(300): SiteController->endWidget()
#6 /Applications/MAMP/htdocs/MyAPITest/APIDemo/protected/views/layouts/column1.php(6): SiteController->endContent()
#7 /Applications/MAMP/htdocs/MyAPITest/framework/web/CBaseController.php(126): require()
#8 /Applications/MAMP/htdocs/MyAPITest/framework/web/CBaseController.php(95): SiteController->renderInternal()
#9 /Applications/MAMP/htdocs/MyAPITest/framework/web/CController.php(784): SiteController->renderFile()
#10 /Applications/MAMP/htdocs/MyAPITest/APIDemo/protected/controllers/SiteController.php(32): SiteController->render()
#11 /Applications/MAMP/htdocs/MyAPITest/framework/web/actions/CInlineAction.php(49): SiteController->actionIndex()
#12 /Applications/MAMP/htdocs/MyAPITest/framework/web/CController.php(308): CInlineAction->runWithParams()
#13 /Applications/MAMP/htdocs/MyAPITest/framework/web/CController.php(286): SiteController->runAction()
#14 /Applications/MAMP/htdocs/MyAPITest/framework/web/CController.php(265): SiteController->runActionWithFilters()
#15 /Applications/MAMP/htdocs/MyAPITest/framework/web/CWebApplication.php(282): SiteController->run()
#16 /Applications/MAMP/htdocs/MyAPITest/framework/web/CWebApplication.php(141): CWebApplication->runController()
#17 /Applications/MAMP/htdocs/MyAPITest/framework/base/CApplication.php(180): CWebApplication->processRequest()
#18 /Applications/MAMP/htdocs/MyAPITest/APIDemo/index.php(13): CWebApplication->run()
#19 /Applications/MAMP/htdocs/MyAPITest/framework/cli/commands/ShellCommand.php(78): require()
#20 /Applications/MAMP/htdocs/MyAPITest/framework/console/CConsoleCommandRunner.php(71): ShellCommand->run()
#21 /Applications/MAMP/htdocs/MyAPITest/framework/console/CConsoleApplication.php(92): CConsoleCommandRunner->run()
#22 /Applications/MAMP/htdocs/MyAPITest/framework/base/CApplication.php(180): CConsoleApplication->processRequest()
#23 /Applications/MAMP/htdocs/MyAPITest/framework/yiic.php(33): CConsoleApplication->run()
#24 /Applications/MAMP/htdocs/MyAPITest/APIDemo/protected/yiic.php(7): require_once()
#25 /Applications/MAMP/htdocs/MyAPITest/APIDemo/protected/yiic(4): require_once()
REQUEST_URI=/index.php
2013/10/11 08:43:10 [error] [php] date(): It is not safe to rely on the system's timezone settings. You are *required* to use the date.timezone setting or the date_default_timezone_set() function. In case you used any of those methods and you are still getting this warning, you most likely misspelled the timezone identifier. We selected 'Asia/Bangkok' for 'ICT/7.0/no DST' instead (/Applications/MAMP/htdocs/MyAPITest/APIDemo/protected/views/layouts/main.php:51)
Stack trace:
#0 /Applications/MAMP/htdocs/MyAPITest/framework/web/CBaseController.php(95): SiteController->renderInternal()
#1 /Applications/MAMP/htdocs/MyAPITest/framework/web/widgets/CContentDecorator.php(76): SiteController->renderFile()
#2 /Applications/MAMP/htdocs/MyAPITest/framework/web/widgets/CContentDecorator.php(54): CContentDecorator->decorate()
#3 /Applications/MAMP/htdocs/MyAPITest/framework/web/widgets/COutputProcessor.php(44): CContentDecorator->processOutput()
#4 /Applications/MAMP/htdocs/MyAPITest/framework/web/CBaseController.php(206): CContentDecorator->run()
#5 /Applications/MAMP/htdocs/MyAPITest/framework/web/CBaseController.php(300): SiteController->endWidget()
#6 /Applications/MAMP/htdocs/MyAPITest/APIDemo/protected/views/layouts/column1.php(6): SiteController->endContent()
#7 /Applications/MAMP/htdocs/MyAPITest/framework/web/CBaseController.php(126): require()
#8 /Applications/MAMP/htdocs/MyAPITest/framework/web/CBaseController.php(95): SiteController->renderInternal()
#9 /Applications/MAMP/htdocs/MyAPITest/framework/web/CController.php(784): SiteController->renderFile()
#10 /Applications/MAMP/htdocs/MyAPITest/APIDemo/protected/controllers/SiteController.php(32): SiteController->render()
#11 /Applications/MAMP/htdocs/MyAPITest/framework/web/actions/CInlineAction.php(49): SiteController->actionIndex()
#12 /Applications/MAMP/htdocs/MyAPITest/framework/web/CController.php(308): CInlineAction->runWithParams()
#13 /Applications/MAMP/htdocs/MyAPITest/framework/web/CController.php(286): SiteController->runAction()
#14 /Applications/MAMP/htdocs/MyAPITest/framework/web/CController.php(265): SiteController->runActionWithFilters()
#15 /Applications/MAMP/htdocs/MyAPITest/framework/web/CWebApplication.php(282): SiteController->run()
#16 /Applications/MAMP/htdocs/MyAPITest/framework/web/CWebApplication.php(141): CWebApplication->runController()
#17 /Applications/MAMP/htdocs/MyAPITest/framework/base/CApplication.php(180): CWebApplication->processRequest()
#18 /Applications/MAMP/htdocs/MyAPITest/APIDemo/index.php(13): CWebApplication->run()
#19 /Applications/MAMP/htdocs/MyAPITest/framework/cli/commands/ShellCommand.php(78): require()
#20 /Applications/MAMP/htdocs/MyAPITest/framework/console/CConsoleCommandRunner.php(71): ShellCommand->run()
#21 /Applications/MAMP/htdocs/MyAPITest/framework/console/CConsoleApplication.php(92): CConsoleCommandRunner->run()
#22 /Applications/MAMP/htdocs/MyAPITest/framework/base/CApplication.php(180): CConsoleApplication->processRequest()
#23 /Applications/MAMP/htdocs/MyAPITest/framework/yiic.php(33): CConsoleApplication->run()
#24 /Applications/MAMP/htdocs/MyAPITest/APIDemo/protected/yiic.php(7): require_once()
#25 /Applications/MAMP/htdocs/MyAPITest/APIDemo/protected/yiic(4): require_once()
REQUEST_URI=/index.php
